---------- Date: 2012-12-28 20:07:20 ~ IP : 66.249.73.23 ----------
REQUEST URI : /prdfotos/roupao-rendando-em-floral-_831_thumb_110_110.jpg
MOD DETAILS:
   modFile   : /home/bemsexy/public_html/vqmod/xml/blog_manager_admin.xml
   id        : Blog Manager
   version   : 1.2.4
   vqmver    : 2.1.0
   author    : EchoThemes.com
Could not resolve path for [admin/view/template/common/header.tpl] (SKIPPED)

----------------------------------------------------------------------


---------- Date: 2012-12-28 20:10:59 ~ IP : 201.81.113.151 ----------
REQUEST URI : /favicon.ico
MOD DETAILS:
   modFile   : /home/bemsexy/public_html/vqmod/xml/blog_manager_admin.xml
   id        : Blog Manager
   version   : 1.2.4
   vqmver    : 2.1.0
   author    : EchoThemes.com
Could not resolve path for [admin/view/template/common/header.tpl] (SKIPPED)

----------------------------------------------------------------------


---------- Date: 2012-12-28 20:14:17 ~ IP : 201.81.113.151 ----------
REQUEST URI : /favicon.ico
MOD DETAILS:
   modFile   : /home/bemsexy/public_html/vqmod/xml/blog_manager_admin.xml
   id        : Blog Manager
   version   : 1.2.4
   vqmver    : 2.1.0
   author    : EchoThemes.com
Could not resolve path for [admin/view/template/common/header.tpl] (SKIPPED)

----------------------------------------------------------------------


---------- Date: 2012-12-28 20:16:45 ~ IP : 201.81.113.151 ----------
REQUEST URI : /
MOD DETAILS:
   modFile   : /home/bemsexy/public_html/vqmod/xml/blog_manager_admin.xml
   id        : Blog Manager
   version   : 1.2.4
   vqmver    : 2.1.0
   author    : EchoThemes.com
Could not resolve path for [admin/view/template/common/header.tpl] (SKIPPED)

----------------------------------------------------------------------


---------- Date: 2012-12-28 20:16:49 ~ IP : 201.81.113.151 ----------
REQUEST URI : /grupoqian/
MOD DETAILS:
   modFile   : /home/bemsexy/public_html/vqmod/xml/blog_manager_admin.xml
   id        : Blog Manager
   version   : 1.2.4
   vqmver    : 2.1.0
   author    : EchoThemes.com
Could not resolve path for [admin/view/template/common/header.tpl] (SKIPPED)

----------------------------------------------------------------------


---------- Date: 2012-12-28 20:16:50 ~ IP : 201.81.113.151 ----------
REQUEST URI : /favicon.ico
MOD DETAILS:
   modFile   : /home/bemsexy/public_html/vqmod/xml/blog_manager_admin.xml
   id        : Blog Manager
   version   : 1.2.4
   vqmver    : 2.1.0
   author    : EchoThemes.com
Could not resolve path for [admin/view/template/common/header.tpl] (SKIPPED)

----------------------------------------------------------------------


---------- Date: 2012-12-28 20:16:51 ~ IP : 201.81.113.151 ----------
REQUEST URI : /grupoqian/index.php?route=common/login
MOD DETAILS:
   modFile   : /home/bemsexy/public_html/vqmod/xml/blog_manager_admin.xml
   id        : Blog Manager
   version   : 1.2.4
   vqmver    : 2.1.0
   author    : EchoThemes.com
Could not resolve path for [admin/view/template/common/header.tpl] (SKIPPED)

----------------------------------------------------------------------


---------- Date: 2012-12-28 20:16:52 ~ IP : 201.81.113.151 ----------
REQUEST URI : /grupoqian/index.php?route=common/home&amp;token=d0ff212f947eb98947dca84e578bfeda
MOD DETAILS:
   modFile   : /home/bemsexy/public_html/vqmod/xml/blog_manager_admin.xml
   id        : Blog Manager
   version   : 1.2.4
   vqmver    : 2.1.0
   author    : EchoThemes.com
Could not resolve path for [admin/view/template/common/header.tpl] (SKIPPED)

----------------------------------------------------------------------


---------- Date: 2012-12-28 20:16:52 ~ IP : 201.81.113.151 ----------
REQUEST URI : /grupoqian/index.php?route=common/home/chart&amp;token=d0ff212f947eb98947dca84e578bfeda&amp;range=day
MOD DETAILS:
   modFile   : /home/bemsexy/public_html/vqmod/xml/blog_manager_admin.xml
   id        : Blog Manager
   version   : 1.2.4
   vqmver    : 2.1.0
   author    : EchoThemes.com
Could not resolve path for [admin/view/template/common/header.tpl] (SKIPPED)

----------------------------------------------------------------------


---------- Date: 2012-12-28 20:16:53 ~ IP : 201.81.113.151 ----------
REQUEST URI : /favicon.ico
MOD DETAILS:
   modFile   : /home/bemsexy/public_html/vqmod/xml/blog_manager_admin.xml
   id        : Blog Manager
   version   : 1.2.4
   vqmver    : 2.1.0
   author    : EchoThemes.com
Could not resolve path for [admin/view/template/common/header.tpl] (SKIPPED)

----------------------------------------------------------------------


---------- Date: 2012-12-28 20:16:55 ~ IP : 66.249.73.23 ----------
REQUEST URI : /produto/cosmetico/fantasia-feminina-coelhinha-plus-size-hotflowers-160.mstp
MOD DETAILS:
   modFile   : /home/bemsexy/public_html/vqmod/xml/blog_manager_admin.xml
   id        : Blog Manager
   version   : 1.2.4
   vqmver    : 2.1.0
   author    : EchoThemes.com
Could not resolve path for [admin/view/template/common/header.tpl] (SKIPPED)

----------------------------------------------------------------------


---------- Date: 2012-12-28 20:17:07 ~ IP : 201.81.113.151 ----------
REQUEST URI : /grupoqian/index.php?route=user/user_permission&amp;token=d0ff212f947eb98947dca84e578bfeda
MOD DETAILS:
   modFile   : /home/bemsexy/public_html/vqmod/xml/blog_manager_admin.xml
   id        : Blog Manager
   version   : 1.2.4
   vqmver    : 2.1.0
   author    : EchoThemes.com
Could not resolve path for [admin/view/template/common/header.tpl] (SKIPPED)

----------------------------------------------------------------------


---------- Date: 2012-12-28 20:17:07 ~ IP : 201.81.113.151 ----------
REQUEST URI : /favicon.ico
MOD DETAILS:
   modFile   : /home/bemsexy/public_html/vqmod/xml/blog_manager_admin.xml
   id        : Blog Manager
   version   : 1.2.4
   vqmver    : 2.1.0
   author    : EchoThemes.com
Could not resolve path for [admin/view/template/common/header.tpl] (SKIPPED)

----------------------------------------------------------------------


---------- Date: 2012-12-28 20:17:59 ~ IP : 201.81.113.151 ----------
REQUEST URI : /grupoqian/index.php?route=user/user_permission/update&amp;token=d0ff212f947eb98947dca84e578bfeda&amp;user_group_id=1
MOD DETAILS:
   modFile   : /home/bemsexy/public_html/vqmod/xml/blog_manager_admin.xml
   id        : Blog Manager
   version   : 1.2.4
   vqmver    : 2.1.0
   author    : EchoThemes.com
Could not resolve path for [admin/view/template/common/header.tpl] (SKIPPED)

----------------------------------------------------------------------


---------- Date: 2012-12-28 20:18:00 ~ IP : 201.81.113.151 ----------
REQUEST URI : /favicon.ico
MOD DETAILS:
   modFile   : /home/bemsexy/public_html/vqmod/xml/blog_manager_admin.xml
   id        : Blog Manager
   version   : 1.2.4
   vqmver    : 2.1.0
   author    : EchoThemes.com
Could not resolve path for [admin/view/template/common/header.tpl] (SKIPPED)

----------------------------------------------------------------------


---------- Date: 2012-12-28 20:18:12 ~ IP : 201.81.113.151 ----------
REQUEST URI : /grupoqian/index.php?route=user/user_permission/update&amp;token=d0ff212f947eb98947dca84e578bfeda&amp;user_group_id=1
MOD DETAILS:
   modFile   : /home/bemsexy/public_html/vqmod/xml/blog_manager_admin.xml
   id        : Blog Manager
   version   : 1.2.4
   vqmver    : 2.1.0
   author    : EchoThemes.com
Could not resolve path for [admin/view/template/common/header.tpl] (SKIPPED)

----------------------------------------------------------------------


---------- Date: 2012-12-28 20:18:12 ~ IP : 201.81.113.151 ----------
REQUEST URI : /grupoqian/index.php?route=user/user_permission&amp;token=d0ff212f947eb98947dca84e578bfeda
MOD DETAILS:
   modFile   : /home/bemsexy/public_html/vqmod/xml/blog_manager_admin.xml
   id        : Blog Manager
   version   : 1.2.4
   vqmver    : 2.1.0
   author    : EchoThemes.com
Could not resolve path for [admin/view/template/common/header.tpl] (SKIPPED)

----------------------------------------------------------------------


---------- Date: 2012-12-28 20:18:13 ~ IP : 201.81.113.151 ----------
REQUEST URI : /favicon.ico
MOD DETAILS:
   modFile   : /home/bemsexy/public_html/vqmod/xml/blog_manager_admin.xml
   id        : Blog Manager
   version   : 1.2.4
   vqmver    : 2.1.0
   author    : EchoThemes.com
Could not resolve path for [admin/view/template/common/header.tpl] (SKIPPED)

----------------------------------------------------------------------


---------- Date: 2012-12-28 20:18:53 ~ IP : 66.249.73.23 ----------
REQUEST URI : /prdfotos/body-com-detalhes-em-renda-2_820_thumb_110_110.jpg
MOD DETAILS:
   modFile   : /home/bemsexy/public_html/vqmod/xml/blog_manager_admin.xml
   id        : Blog Manager
   version   : 1.2.4
   vqmver    : 2.1.0
   author    : EchoThemes.com
Could not resolve path for [admin/view/template/common/header.tpl] (SKIPPED)

----------------------------------------------------------------------


---------- Date: 2012-12-28 20:18:53 ~ IP : 201.81.113.151 ----------
REQUEST URI : /grupoqian/index.php?route=user/user&amp;token=d0ff212f947eb98947dca84e578bfeda
MOD DETAILS:
   modFile   : /home/bemsexy/public_html/vqmod/xml/blog_manager_admin.xml
   id        : Blog Manager
   version   : 1.2.4
   vqmver    : 2.1.0
   author    : EchoThemes.com
Could not resolve path for [admin/view/template/common/header.tpl] (SKIPPED)

----------------------------------------------------------------------


---------- Date: 2012-12-28 20:18:55 ~ IP : 201.81.113.151 ----------
REQUEST URI : /favicon.ico
MOD DETAILS:
   modFile   : /home/bemsexy/public_html/vqmod/xml/blog_manager_admin.xml
   id        : Blog Manager
   version   : 1.2.4
   vqmver    : 2.1.0
   author    : EchoThemes.com
Could not resolve path for [admin/view/template/common/header.tpl] (SKIPPED)

----------------------------------------------------------------------


---------- Date: 2012-12-28 20:18:55 ~ IP : 201.81.113.151 ----------
REQUEST URI : /grupoqian/index.php?route=user/user/insert&amp;token=d0ff212f947eb98947dca84e578bfeda
MOD DETAILS:
   modFile   : /home/bemsexy/public_html/vqmod/xml/blog_manager_admin.xml
   id        : Blog Manager
   version   : 1.2.4
   vqmver    : 2.1.0
   author    : EchoThemes.com
Could not resolve path for [admin/view/template/common/header.tpl] (SKIPPED)

----------------------------------------------------------------------


---------- Date: 2012-12-28 20:18:56 ~ IP : 201.81.113.151 ----------
REQUEST URI : /favicon.ico
MOD DETAILS:
   modFile   : /home/bemsexy/public_html/vqmod/xml/blog_manager_admin.xml
   id        : Blog Manager
   version   : 1.2.4
   vqmver    : 2.1.0
   author    : EchoThemes.com
Could not resolve path for [admin/view/template/common/header.tpl] (SKIPPED)

----------------------------------------------------------------------


---------- Date: 2012-12-28 20:19:31 ~ IP : 201.81.113.151 ----------
REQUEST URI : /grupoqian/index.php?route=user/user&amp;token=d0ff212f947eb98947dca84e578bfeda
MOD DETAILS:
   modFile   : /home/bemsexy/public_html/vqmod/xml/blog_manager_admin.xml
   id        : Blog Manager
   version   : 1.2.4
   vqmver    : 2.1.0
   author    : EchoThemes.com
Could not resolve path for [admin/view/template/common/header.tpl] (SKIPPED)

----------------------------------------------------------------------


---------- Date: 2012-12-28 20:19:32 ~ IP : 201.81.113.151 ----------
REQUEST URI : /favicon.ico
MOD DETAILS:
   modFile   : /home/bemsexy/public_html/vqmod/xml/blog_manager_admin.xml
   id        : Blog Manager
   version   : 1.2.4
   vqmver    : 2.1.0
   author    : EchoThemes.com
Could not resolve path for [admin/view/template/common/header.tpl] (SKIPPED)

----------------------------------------------------------------------


---------- Date: 2012-12-28 20:19:34 ~ IP : 201.81.113.151 ----------
REQUEST URI : /grupoqian/index.php?route=user/user/update&amp;token=d0ff212f947eb98947dca84e578bfeda&amp;user_id=1
MOD DETAILS:
   modFile   : /home/bemsexy/public_html/vqmod/xml/blog_manager_admin.xml
   id        : Blog Manager
   version   : 1.2.4
   vqmver    : 2.1.0
   author    : EchoThemes.com
Could not resolve path for [admin/view/template/common/header.tpl] (SKIPPED)

----------------------------------------------------------------------


---------- Date: 2012-12-28 20:19:35 ~ IP : 201.81.113.151 ----------
REQUEST URI : /favicon.ico
MOD DETAILS:
   modFile   : /home/bemsexy/public_html/vqmod/xml/blog_manager_admin.xml
   id        : Blog Manager
   version   : 1.2.4
   vqmver    : 2.1.0
   author    : EchoThemes.com
Could not resolve path for [admin/view/template/common/header.tpl] (SKIPPED)

----------------------------------------------------------------------


---------- Date: 2012-12-28 20:19:48 ~ IP : 201.81.113.151 ----------
REQUEST URI : /grupoqian/index.php?route=user/user/update&amp;token=d0ff212f947eb98947dca84e578bfeda&amp;user_id=1
MOD DETAILS:
   modFile   : /home/bemsexy/public_html/vqmod/xml/blog_manager_admin.xml
   id        : Blog Manager
   version   : 1.2.4
   vqmver    : 2.1.0
   author    : EchoThemes.com
Could not resolve path for [admin/view/template/common/header.tpl] (SKIPPED)

----------------------------------------------------------------------


---------- Date: 2012-12-28 20:19:48 ~ IP : 201.81.113.151 ----------
REQUEST URI : /grupoqian/index.php?route=user/user&amp;token=d0ff212f947eb98947dca84e578bfeda
MOD DETAILS:
   modFile   : /home/bemsexy/public_html/vqmod/xml/blog_manager_admin.xml
   id        : Blog Manager
   version   : 1.2.4
   vqmver    : 2.1.0
   author    : EchoThemes.com
Could not resolve path for [admin/view/template/common/header.tpl] (SKIPPED)

----------------------------------------------------------------------


---------- Date: 2012-12-28 20:19:49 ~ IP : 201.81.113.151 ----------
REQUEST URI : /favicon.ico
MOD DETAILS:
   modFile   : /home/bemsexy/public_html/vqmod/xml/blog_manager_admin.xml
   id        : Blog Manager
   version   : 1.2.4
   vqmver    : 2.1.0
   author    : EchoThemes.com
Could not resolve path for [admin/view/template/common/header.tpl] (SKIPPED)

----------------------------------------------------------------------


---------- Date: 2012-12-28 20:19:59 ~ IP : 201.81.113.151 ----------
REQUEST URI : /grupoqian/index.php?route=user/user_permission&amp;token=d0ff212f947eb98947dca84e578bfeda
MOD DETAILS:
   modFile   : /home/bemsexy/public_html/vqmod/xml/blog_manager_admin.xml
   id        : Blog Manager
   version   : 1.2.4
   vqmver    : 2.1.0
   author    : EchoThemes.com
Could not resolve path for [admin/view/template/common/header.tpl] (SKIPPED)

----------------------------------------------------------------------


---------- Date: 2012-12-28 20:20:00 ~ IP : 201.81.113.151 ----------
REQUEST URI : /favicon.ico
MOD DETAILS:
   modFile   : /home/bemsexy/public_html/vqmod/xml/blog_manager_admin.xml
   id        : Blog Manager
   version   : 1.2.4
   vqmver    : 2.1.0
   author    : EchoThemes.com
Could not resolve path for [admin/view/template/common/header.tpl] (SKIPPED)

----------------------------------------------------------------------


---------- Date: 2012-12-28 20:20:02 ~ IP : 201.81.113.151 ----------
REQUEST URI : /grupoqian/index.php?route=user/user_permission/update&amp;token=d0ff212f947eb98947dca84e578bfeda&amp;user_group_id=10
MOD DETAILS:
   modFile   : /home/bemsexy/public_html/vqmod/xml/blog_manager_admin.xml
   id        : Blog Manager
   version   : 1.2.4
   vqmver    : 2.1.0
   author    : EchoThemes.com
Could not resolve path for [admin/view/template/common/header.tpl] (SKIPPED)

----------------------------------------------------------------------


---------- Date: 2012-12-28 20:20:03 ~ IP : 201.81.113.151 ----------
REQUEST URI : /favicon.ico
MOD DETAILS:
   modFile   : /home/bemsexy/public_html/vqmod/xml/blog_manager_admin.xml
   id        : Blog Manager
   version   : 1.2.4
   vqmver    : 2.1.0
   author    : EchoThemes.com
Could not resolve path for [admin/view/template/common/header.tpl] (SKIPPED)

----------------------------------------------------------------------


---------- Date: 2012-12-28 20:20:31 ~ IP : 201.81.113.151 ----------
REQUEST URI : /grupoqian/index.php?route=user/user_permission&amp;token=d0ff212f947eb98947dca84e578bfeda
MOD DETAILS:
   modFile   : /home/bemsexy/public_html/vqmod/xml/blog_manager_admin.xml
   id        : Blog Manager
   version   : 1.2.4
   vqmver    : 2.1.0
   author    : EchoThemes.com
Could not resolve path for [admin/view/template/common/header.tpl] (SKIPPED)

----------------------------------------------------------------------


---------- Date: 2012-12-28 20:20:31 ~ IP : 201.81.113.151 ----------
REQUEST URI : /favicon.ico
MOD DETAILS:
   modFile   : /home/bemsexy/public_html/vqmod/xml/blog_manager_admin.xml
   id        : Blog Manager
   version   : 1.2.4
   vqmver    : 2.1.0
   author    : EchoThemes.com
Could not resolve path for [admin/view/template/common/header.tpl] (SKIPPED)

----------------------------------------------------------------------


---------- Date: 2012-12-28 20:21:06 ~ IP : 201.81.113.151 ----------
REQUEST URI : /grupoqian/index.php?route=common/home&amp;token=d0ff212f947eb98947dca84e578bfeda
MOD DETAILS:
   modFile   : /home/bemsexy/public_html/vqmod/xml/blog_manager_admin.xml
   id        : Blog Manager
   version   : 1.2.4
   vqmver    : 2.1.0
   author    : EchoThemes.com
Could not resolve path for [admin/view/template/common/header.tpl] (SKIPPED)

----------------------------------------------------------------------


---------- Date: 2012-12-28 20:21:06 ~ IP : 201.81.113.151 ----------
REQUEST URI : /grupoqian/index.php?route=common/home/chart&amp;token=d0ff212f947eb98947dca84e578bfeda&amp;range=day
MOD DETAILS:
   modFile   : /home/bemsexy/public_html/vqmod/xml/blog_manager_admin.xml
   id        : Blog Manager
   version   : 1.2.4
   vqmver    : 2.1.0
   author    : EchoThemes.com
Could not resolve path for [admin/view/template/common/header.tpl] (SKIPPED)

----------------------------------------------------------------------


---------- Date: 2012-12-28 20:21:07 ~ IP : 201.81.113.151 ----------
REQUEST URI : /favicon.ico
MOD DETAILS:
   modFile   : /home/bemsexy/public_html/vqmod/xml/blog_manager_admin.xml
   id        : Blog Manager
   version   : 1.2.4
   vqmver    : 2.1.0
   author    : EchoThemes.com
Could not resolve path for [admin/view/template/common/header.tpl] (SKIPPED)

----------------------------------------------------------------------


---------- Date: 2012-12-28 20:22:05 ~ IP : 208.115.113.88 ----------
REQUEST URI : /produto/banho/fantasia-feminina-coelhinha-146.mstp
MOD DETAILS:
   modFile   : /home/bemsexy/public_html/vqmod/xml/blog_manager_admin.xml
   id        : Blog Manager
   version   : 1.2.4
   vqmver    : 2.1.0
   author    : EchoThemes.com
Could not resolve path for [admin/view/template/common/header.tpl] (SKIPPED)

----------------------------------------------------------------------


---------- Date: 2012-12-28 20:22:07 ~ IP : 208.115.113.88 ----------
REQUEST URI : /produto/meias/meia-tule-7-8-bolinha-271.mstp
MOD DETAILS:
   modFile   : /home/bemsexy/public_html/vqmod/xml/blog_manager_admin.xml
   id        : Blog Manager
   version   : 1.2.4
   vqmver    : 2.1.0
   author    : EchoThemes.com
Could not resolve path for [admin/view/template/common/header.tpl] (SKIPPED)

----------------------------------------------------------------------


---------- Date: 2012-12-28 20:22:09 ~ IP : 208.115.113.88 ----------
REQUEST URI : /produto/sabonete/sabonete-Intimo-menta-401.mstp
MOD DETAILS:
   modFile   : /home/bemsexy/public_html/vqmod/xml/blog_manager_admin.xml
   id        : Blog Manager
   version   : 1.2.4
   vqmver    : 2.1.0
   author    : EchoThemes.com
Could not resolve path for [admin/view/template/common/header.tpl] (SKIPPED)

----------------------------------------------------------------------


---------- Date: 2012-12-28 20:24:22 ~ IP : 201.81.113.151 ----------
REQUEST URI : /grupoqian/index.php?route=common/home&amp;token=d0ff212f947eb98947dca84e578bfeda
MOD DETAILS:
   modFile   : /home/bemsexy/public_html/vqmod/xml/blog_manager_admin.xml
   id        : Blog Manager
   version   : 1.2.4
   vqmver    : 2.1.0
   author    : EchoThemes.com
Could not resolve path for [admin/view/template/common/header.tpl] (SKIPPED)

----------------------------------------------------------------------


---------- Date: 2012-12-28 20:24:23 ~ IP : 201.81.113.151 ----------
REQUEST URI : /grupoqian/index.php?route=common/home/chart&amp;token=d0ff212f947eb98947dca84e578bfeda&amp;range=day
MOD DETAILS:
   modFile   : /home/bemsexy/public_html/vqmod/xml/blog_manager_admin.xml
   id        : Blog Manager
   version   : 1.2.4
   vqmver    : 2.1.0
   author    : EchoThemes.com
Could not resolve path for [admin/view/template/common/header.tpl] (SKIPPED)

----------------------------------------------------------------------


---------- Date: 2012-12-28 20:24:23 ~ IP : 201.81.113.151 ----------
REQUEST URI : /favicon.ico
MOD DETAILS:
   modFile   : /home/bemsexy/public_html/vqmod/xml/blog_manager_admin.xml
   id        : Blog Manager
   version   : 1.2.4
   vqmver    : 2.1.0
   author    : EchoThemes.com
Could not resolve path for [admin/view/template/common/header.tpl] (SKIPPED)

----------------------------------------------------------------------


---------- Date: 2013-01-04 19:18:13 ~ IP : 66.249.76.139 ----------
REQUEST URI : /sache-intt-gel-maracuja-com-limao
DOM UNABLE TO LOAD: /home/bemsexy/public_html/vqmod/xml/autocompletar_endereco.xml
----------------------------------------------------------------------


---------- Date: 2013-01-04 19:45:45 ~ IP : 66.249.76.139 ----------
REQUEST URI : /meia-78-renda?filter_tag=meia-calca%20jacquard
DOM UNABLE TO LOAD: /home/bemsexy/public_html/vqmod/xml/autocompletar_endereco.xml
----------------------------------------------------------------------


---------- Date: 2013-01-04 19:45:49 ~ IP : 66.249.76.139 ----------
REQUEST URI : /vela-sexy-candy-vinho?filter_tag=hot%20flowers
DOM UNABLE TO LOAD: /home/bemsexy/public_html/vqmod/xml/autocompletar_endereco.xml
----------------------------------------------------------------------


